<?xml version="1.0" encoding="UTF-8"?>
<!-- Generated by org.testng.reporters.JUnitReportReporter -->
<testsuite hostname="DESKTOP-18G26Q6" failures="0" tests="1" name="com.lti.testcases.SearchBoxTest" time="11.428" errors="0" timestamp="2024-05-12T11:28:49 IST" skipped="0">
  <testcase classname="com.lti.testcases.SearchBoxTest" name="searchtest" time="11.428"/>
</testsuite> <!-- com.lti.testcases.SearchBoxTest -->
