<?xml version="1.0" encoding="UTF-8"?>
<!-- Generated by org.testng.reporters.JUnitReportReporter -->
<testsuite hostname="DESKTOP-18G26Q6" failures="0" tests="1" name="com.lti.testcases.PaymentTest" time="32.082" errors="0" timestamp="2024-05-12T13:41:57 IST" skipped="0">
  <testcase classname="com.lti.testcases.PaymentTest" name="dashboard" time="32.082"/>
</testsuite> <!-- com.lti.testcases.PaymentTest -->
