<?xml version="1.0" encoding="UTF-8"?>
<!-- Generated by org.testng.reporters.JUnitReportReporter -->
<testsuite hostname="DESKTOP-18G26Q6" failures="0" tests="1" name="com.lti.testcases.PaymentTest" time="29.839" errors="0" timestamp="2024-05-12T16:37:50 IST" skipped="0">
  <testcase classname="com.lti.testcases.PaymentTest" name="dashboard" time="29.839"/>
</testsuite> <!-- com.lti.testcases.PaymentTest -->
